<?xml version="1.0" encoding="UTF-8"?>
<testng-results skipped="0" failed="0" ignored="0" total="1" passed="1">
  <reporter-output>
  </reporter-output>
  <suite name="Default suite" duration-ms="4618" started-at="2021-01-18T12:42:41 IST" finished-at="2021-01-18T12:42:46 IST">
    <groups>
    </groups>
    <test name="Default test" duration-ms="4618" started-at="2021-01-18T12:42:41 IST" finished-at="2021-01-18T12:42:46 IST">
      <class name="com.api.twitter.restassured.TwitterAPIOauth">
        <test-method status="PASS" signature="RestAssuredOauth()[pri:0, instance:com.api.twitter.restassured.TwitterAPIOauth@6737fd8f]" name="RestAssuredOauth" duration-ms="4555" started-at="2021-01-18T12:42:41 IST" finished-at="2021-01-18T12:42:46 IST">
          <reporter-output>
          </reporter-output>
        </test-method> <!-- RestAssuredOauth -->
      </class> <!-- com.api.twitter.restassured.TwitterAPIOauth -->
    </test> <!-- Default test -->
  </suite> <!-- Default suite -->
</testng-results>
